#
# There is insufficient memory for the Java Runtime Environment to continue.
# Native memory allocation (malloc) failed to allocate 32744 bytes for ChunkPool::allocate
# Possible reasons:
#   The system is out of physical RAM or swap space
#   The process is running with CompressedOops enabled, and the Java Heap may be blocking the growth of the native heap
# Possible solutions:
#   Reduce memory load on the system
#   Increase physical memory or swap space
#   Check if swap backing store is full
#   Decrease Java heap size (-Xmx/-Xms)
#   Decrease number of Java threads
#   Decrease Java thread stack sizes (-Xss)
#   Set larger code cache with -XX:ReservedCodeCacheSize=
#   JVM is running with Unscaled Compressed Oops mode in which the Java heap is
#     placed in the first 4GB address space. The Java Heap base address is the
#     maximum limit for the native heap growth. Please use -XX:HeapBaseMinAddress
#     to set the Java Heap base and to place the Java Heap above 4GB virtual address.
# This output file may be truncated or incomplete.
#
#  Out of Memory Error (allocation.cpp:272), pid=7024, tid=0x0000000000000370
#
# JRE version: Java(TM) SE Runtime Environment (8.0_291-b10) (build 1.8.0_291-b10)
# Java VM: Java HotSpot(TM) 64-Bit Server VM (25.291-b10 mixed mode windows-amd64 compressed oops)
# Failed to write core dump. Minidumps are not enabled by default on client versions of Windows
#

---------------  T H R E A D  ---------------

Current thread (0x0000000056704000):  JavaThread "C2 CompilerThread1" daemon [_thread_in_native, id=880, stack(0x0000000055db0000,0x0000000055eb0000)]

Stack: [0x0000000055db0000,0x0000000055eb0000]
Native frames: (J=compiled Java code, j=interpreted, Vv=VM code, C=native code)
V  [jvm.dll+0x32ea19]


Current CompileTask:
C2:  23203 2498       4       java.net.URLClassLoader$1::run (5 bytes)


---------------  P R O C E S S  ---------------

Java Threads: ( => current thread )
  0x0000000054b1c800 JavaThread "restartedMain" [_thread_in_vm, id=6936, stack(0x0000000057af0000,0x0000000057bf0000)]
  0x000000005762b000 JavaThread "Thread-0" [_thread_blocked, id=2324, stack(0x0000000056200000,0x0000000056300000)]
  0x00000000567c2800 JavaThread "Service Thread" daemon [_thread_blocked, id=6984, stack(0x0000000056e10000,0x0000000056f10000)]
  0x000000005671c800 JavaThread "C1 CompilerThread2" daemon [_thread_blocked, id=3192, stack(0x0000000056ce0000,0x0000000056de0000)]
=>0x0000000056704000 JavaThread "C2 CompilerThread1" daemon [_thread_in_native, id=880, stack(0x0000000055db0000,0x0000000055eb0000)]
  0x0000000056702800 JavaThread "C2 CompilerThread0" daemon [_thread_in_native, id=3124, stack(0x0000000056a80000,0x0000000056b80000)]
  0x00000000566ff800 JavaThread "Monitor Ctrl-Break" daemon [_thread_in_native, id=7116, stack(0x0000000056880000,0x0000000056980000)]
  0x0000000054a70000 JavaThread "Attach Listener" daemon [_thread_blocked, id=2100, stack(0x0000000056330000,0x0000000056430000)]
  0x0000000054a76000 JavaThread "Signal Dispatcher" daemon [_thread_blocked, id=2708, stack(0x0000000056100000,0x0000000056200000)]
  0x0000000054735800 JavaThread "Finalizer" daemon [_thread_blocked, id=6756, stack(0x0000000055ef0000,0x0000000055ff0000)]
  0x000000005472d000 JavaThread "Reference Handler" daemon [_thread_blocked, id=4312, stack(0x0000000055c80000,0x0000000055d80000)]
  0x00000000002fe800 JavaThread "main" [_thread_blocked, id=6768, stack(0x0000000001e30000,0x0000000001f30000)]

Other Threads:
  0x0000000054a13800 VMThread [stack: 0x0000000055b00000,0x0000000055c00000] [id=6812]
  0x00000000570d8800 WatcherThread [stack: 0x00000000578f0000,0x00000000579f0000] [id=5008]

VM state:not at safepoint (normal execution)

VM Mutex/Monitor currently owned by a thread: None

heap address: 0x00000000c2200000, size: 990 MB, Compressed Oops mode: 32-bit
Narrow klass base: 0x0000000000000000, Narrow klass shift: 0
Compressed class space size: 1073741824 Address: 0x0000000013e40000

Heap:
 PSYoungGen      total 68608K, used 25024K [0x00000000eb600000, 0x00000000f0100000, 0x0000000100000000)
  eden space 61952K, 31% used [0x00000000eb600000,0x00000000ec952fe8,0x00000000ef280000)
  from space 6656K, 78% used [0x00000000ef280000,0x00000000ef79d158,0x00000000ef900000)
  to   space 5120K, 0% used [0x00000000ef900000,0x00000000ef900000,0x00000000efe00000)
 ParOldGen       total 25600K, used 5966K [0x00000000c2200000, 0x00000000c3b00000, 0x00000000eb600000)
  object space 25600K, 23% used [0x00000000c2200000,0x00000000c27d3b78,0x00000000c3b00000)
 Metaspace       used 24291K, capacity 25670K, committed 25984K, reserved 1071104K
  class space    used 3089K, capacity 3381K, committed 3456K, reserved 1048576K

Card table byte_map: [0x00000000115c0000,0x00000000117b0000] byte_map_base: 0x0000000010faf000

Marking Bits: (ParMarkBitMap*) 0x0000000069fc7fe0
 Begin Bits: [0x0000000011d60000, 0x0000000012cd8000)
 End Bits:   [0x0000000012cd8000, 0x0000000013c50000)

Polling page: 0x00000000000a0000

CodeCache: size=245760Kb used=8005Kb max_used=8018Kb free=237754Kb
 bounds [0x0000000002200000, 0x00000000029e0000, 0x0000000011200000]
 total_blobs=2799 nmethods=2433 adapters=279
 compilation: enabled

Compilation events (10 events):
Event: 22.840 Thread 0x000000005671c800 nmethod 2495 0x00000000029d0f10 code [0x00000000029d10c0, 0x00000000029d15f8]
Event: 22.840 Thread 0x000000005671c800 2496       3       org.springframework.core.AttributeAccessorSupport::getAttribute (17 bytes)
Event: 22.840 Thread 0x000000005671c800 nmethod 2496 0x00000000029d0890 code [0x00000000029d0a20, 0x00000000029d0d98]
Event: 22.840 Thread 0x000000005671c800 2494       3       org.springframework.core.type.classreading.SimpleMethodMetadataReadingVisitor$Source::hashCode (43 bytes)
Event: 22.840 Thread 0x000000005671c800 nmethod 2494 0x00000000029d4f90 code [0x00000000029d5120, 0x00000000029d54c8]
Event: 22.847 Thread 0x0000000056702800 nmethod 2483 0x00000000029d9690 code [0x00000000029d98c0, 0x00000000029dace8]
Event: 22.853 Thread 0x0000000056704000 2497       4       sun.misc.ASCIICaseInsensitiveComparator::compare (126 bytes)
Event: 22.859 Thread 0x0000000056704000 nmethod 2497 0x00000000029d6250 code [0x00000000029d63a0, 0x00000000029d65b8]
Event: 22.912 Thread 0x0000000056702800 2499   !   4       java.net.URLClassLoader$1::run (63 bytes)
Event: 22.912 Thread 0x0000000056704000 2498       4       java.net.URLClassLoader$1::run (5 bytes)

GC Heap History (10 events):
Event: 10.918 GC heap before
{Heap before GC invocations=6 (full 0):
 PSYoungGen      total 34304K, used 34277K [0x00000000eb600000, 0x00000000efe00000, 0x0000000100000000)
  eden space 31744K, 100% used [0x00000000eb600000,0x00000000ed500000,0x00000000ed500000)
  from space 2560K, 98% used [0x00000000ed500000,0x00000000ed779718,0x00000000ed780000)
  to   space 5120K, 0% used [0x00000000ef900000,0x00000000ef900000,0x00000000efe00000)
 ParOldGen       total 42496K, used 3407K [0x00000000c2200000, 0x00000000c4b80000, 0x00000000eb600000)
  object space 42496K, 8% used [0x00000000c2200000,0x00000000c2553d70,0x00000000c4b80000)
 Metaspace       used 14598K, capacity 15230K, committed 15360K, reserved 1062912K
  class space    used 1791K, capacity 1942K, committed 2048K, reserved 1048576K
Event: 10.933 GC heap after
Heap after GC invocations=6 (full 0):
 PSYoungGen      total 67072K, used 5115K [0x00000000eb600000, 0x00000000f0100000, 0x0000000100000000)
  eden space 61952K, 0% used [0x00000000eb600000,0x00000000eb600000,0x00000000ef280000)
  from space 5120K, 99% used [0x00000000ef900000,0x00000000efdfed98,0x00000000efe00000)
  to   space 6656K, 0% used [0x00000000ef280000,0x00000000ef280000,0x00000000ef900000)
 ParOldGen       total 42496K, used 4194K [0x00000000c2200000, 0x00000000c4b80000, 0x00000000eb600000)
  object space 42496K, 9% used [0x00000000c2200000,0x00000000c2618b00,0x00000000c4b80000)
 Metaspace       used 14598K, capacity 15230K, committed 15360K, reserved 1062912K
  class space    used 1791K, capacity 1942K, committed 2048K, reserved 1048576K
}
Event: 15.978 GC heap before
{Heap before GC invocations=7 (full 0):
 PSYoungGen      total 67072K, used 67037K [0x00000000eb600000, 0x00000000f0100000, 0x0000000100000000)
  eden space 61952K, 99% used [0x00000000eb600000,0x00000000ef2788c0,0x00000000ef280000)
  from space 5120K, 99% used [0x00000000ef900000,0x00000000efdfed98,0x00000000efe00000)
  to   space 6656K, 0% used [0x00000000ef280000,0x00000000ef280000,0x00000000ef900000)
 ParOldGen       total 42496K, used 4194K [0x00000000c2200000, 0x00000000c4b80000, 0x00000000eb600000)
  object space 42496K, 9% used [0x00000000c2200000,0x00000000c2618b00,0x00000000c4b80000)
 Metaspace       used 19723K, capacity 20622K, committed 20864K, reserved 1067008K
  class space    used 2472K, capacity 2674K, committed 2688K, reserved 1048576K
Event: 15.991 GC heap after
Heap after GC invocations=7 (full 0):
 PSYoungGen      total 68608K, used 6647K [0x00000000eb600000, 0x00000000f0100000, 0x0000000100000000)
  eden space 61952K, 0% used [0x00000000eb600000,0x00000000eb600000,0x00000000ef280000)
  from space 6656K, 99% used [0x00000000ef280000,0x00000000ef8fdf08,0x00000000ef900000)
  to   space 5120K, 0% used [0x00000000ef900000,0x00000000ef900000,0x00000000efe00000)
 ParOldGen       total 42496K, used 6825K [0x00000000c2200000, 0x00000000c4b80000, 0x00000000eb600000)
  object space 42496K, 16% used [0x00000000c2200000,0x00000000c28aa740,0x00000000c4b80000)
 Metaspace       used 19723K, capacity 20622K, committed 20864K, reserved 1067008K
  class space    used 2472K, capacity 2674K, committed 2688K, reserved 1048576K
}
Event: 17.773 GC heap before
{Heap before GC invocations=8 (full 0):
 PSYoungGen      total 68608K, used 42794K [0x00000000eb600000, 0x00000000f0100000, 0x0000000100000000)
  eden space 61952K, 58% used [0x00000000eb600000,0x00000000ed94cc28,0x00000000ef280000)
  from space 6656K, 99% used [0x00000000ef280000,0x00000000ef8fdf08,0x00000000ef900000)
  to   space 5120K, 0% used [0x00000000ef900000,0x00000000ef900000,0x00000000efe00000)
 ParOldGen       total 42496K, used 6825K [0x00000000c2200000, 0x00000000c4b80000, 0x00000000eb600000)
  object space 42496K, 16% used [0x00000000c2200000,0x00000000c28aa740,0x00000000c4b80000)
 Metaspace       used 20334K, capacity 21164K, committed 21248K, reserved 1067008K
  class space    used 2537K, capacity 2747K, committed 2816K, reserved 1048576K
Event: 17.782 GC heap after
Heap after GC invocations=8 (full 0):
 PSYoungGen      total 67072K, used 4172K [0x00000000eb600000, 0x00000000f0100000, 0x0000000100000000)
  eden space 61952K, 0% used [0x00000000eb600000,0x00000000eb600000,0x00000000ef280000)
  from space 5120K, 81% used [0x00000000ef900000,0x00000000efd13368,0x00000000efe00000)
  to   space 6656K, 0% used [0x00000000ef280000,0x00000000ef280000,0x00000000ef900000)
 ParOldGen       total 42496K, used 6825K [0x00000000c2200000, 0x00000000c4b80000, 0x00000000eb600000)
  object space 42496K, 16% used [0x00000000c2200000,0x00000000c28aa740,0x00000000c4b80000)
 Metaspace       used 20334K, capacity 21164K, committed 21248K, reserved 1067008K
  class space    used 2537K, capacity 2747K, committed 2816K, reserved 1048576K
}
Event: 17.782 GC heap before
{Heap before GC invocations=9 (full 1):
 PSYoungGen      total 67072K, used 4172K [0x00000000eb600000, 0x00000000f0100000, 0x0000000100000000)
  eden space 61952K, 0% used [0x00000000eb600000,0x00000000eb600000,0x00000000ef280000)
  from space 5120K, 81% used [0x00000000ef900000,0x00000000efd13368,0x00000000efe00000)
  to   space 6656K, 0% used [0x00000000ef280000,0x00000000ef280000,0x00000000ef900000)
 ParOldGen       total 42496K, used 6825K [0x00000000c2200000, 0x00000000c4b80000, 0x00000000eb600000)
  object space 42496K, 16% used [0x00000000c2200000,0x00000000c28aa740,0x00000000c4b80000)
 Metaspace       used 20334K, capacity 21164K, committed 21248K, reserved 1067008K
  class space    used 2537K, capacity 2747K, committed 2816K, reserved 1048576K
Event: 17.835 GC heap after
Heap after GC invocations=9 (full 1):
 PSYoungGen      total 67072K, used 0K [0x00000000eb600000, 0x00000000f0100000, 0x0000000100000000)
  eden space 61952K, 0% used [0x00000000eb600000,0x00000000eb600000,0x00000000ef280000)
  from space 5120K, 0% used [0x00000000ef900000,0x00000000ef900000,0x00000000efe00000)
  to   space 6656K, 0% used [0x00000000ef280000,0x00000000ef280000,0x00000000ef900000)
 ParOldGen       total 25600K, used 5958K [0x00000000c2200000, 0x00000000c3b00000, 0x00000000eb600000)
  object space 25600K, 23% used [0x00000000c2200000,0x00000000c27d1b78,0x00000000c3b00000)
 Metaspace       used 20334K, capacity 21164K, committed 21248K, reserved 1067008K
  class space    used 2537K, capacity 2747K, committed 2816K, reserved 1048576K
}
Event: 21.866 GC heap before
{Heap before GC invocations=10 (full 1):
 PSYoungGen      total 67072K, used 61952K [0x00000000eb600000, 0x00000000f0100000, 0x0000000100000000)
  eden space 61952K, 100% used [0x00000000eb600000,0x00000000ef280000,0x00000000ef280000)
  from space 5120K, 0% used [0x00000000ef900000,0x00000000ef900000,0x00000000efe00000)
  to   space 6656K, 0% used [0x00000000ef280000,0x00000000ef280000,0x00000000ef900000)
 ParOldGen       total 25600K, used 5958K [0x00000000c2200000, 0x00000000c3b00000, 0x00000000eb600000)
  object space 25600K, 23% used [0x00000000c2200000,0x00000000c27d1b78,0x00000000c3b00000)
 Metaspace       used 23178K, capacity 24444K, committed 24704K, reserved 1071104K
  class space    used 2916K, capacity 3190K, committed 3200K, reserved 1048576K
Event: 21.910 GC heap after
Heap after GC invocations=10 (full 1):
 PSYoungGen      total 68608K, used 5236K [0x00000000eb600000, 0x00000000f0100000, 0x0000000100000000)
  eden space 61952K, 0% used [0x00000000eb600000,0x00000000eb600000,0x00000000ef280000)
  from space 6656K, 78% used [0x00000000ef280000,0x00000000ef79d158,0x00000000ef900000)
  to   space 5120K, 0% used [0x00000000ef900000,0x00000000ef900000,0x00000000efe00000)
 ParOldGen       total 25600K, used 5966K [0x00000000c2200000, 0x00000000c3b00000, 0x00000000eb600000)
  object space 25600K, 23% used [0x00000000c2200000,0x00000000c27d3b78,0x00000000c3b00000)
 Metaspace       used 23178K, capacity 24444K, committed 24704K, reserved 1071104K
  class space    used 2916K, capacity 3190K, committed 3200K, reserved 1048576K
}

Deoptimization events (10 events):
Event: 19.335 Thread 0x0000000054b1c800 Uncommon trap: reason=unstable_if action=reinterpret pc=0x000000000283cd60 method=org.springframework.core.annotation.MergedAnnotationsCollection.isMappingForType(Lorg/springframework/core/annotation/AnnotationTypeMapping;Ljava/lang/Object;)Z @ 13
Event: 19.335 Thread 0x0000000054b1c800 Uncommon trap: reason=class_check action=maybe_recompile pc=0x00000000023f0784 method=java.lang.String.equals(Ljava/lang/Object;)Z @ 8
Event: 20.361 Thread 0x0000000054b1c800 Uncommon trap: reason=unstable_if action=reinterpret pc=0x000000000270a978 method=java.util.Arrays.equals([Ljava/lang/Object;[Ljava/lang/Object;)Z @ 65
Event: 21.016 Thread 0x0000000054b1c800 Uncommon trap: reason=unstable_if action=reinterpret pc=0x0000000002914720 method=org.springframework.beans.factory.support.AbstractBeanFactory.isFactoryBean(Ljava/lang/String;Lorg/springframework/beans/factory/support/RootBeanDefinition;)Z @ 38
Event: 21.195 Thread 0x0000000054b1c800 Uncommon trap: reason=null_check action=make_not_entrant pc=0x0000000002709e94 method=java.lang.Class.isAnnotation()Z @ 1
Event: 21.326 Thread 0x0000000054b1c800 Uncommon trap: reason=unstable_if action=reinterpret pc=0x00000000026fa87c method=jdk.internal.org.objectweb.asm.Item.isEqualTo(Ljdk/internal/org/objectweb/asm/Item;)Z @ 331
Event: 21.415 Thread 0x0000000054b1c800 Uncommon trap: reason=unstable_if action=reinterpret pc=0x000000000290790c method=org.springframework.beans.factory.support.AbstractBeanFactory.getMergedLocalBeanDefinition(Ljava/lang/String;)Lorg/springframework/beans/factory/support/RootBeanDefinition; 
Event: 21.662 Thread 0x0000000054b1c800 Uncommon trap: reason=class_check action=maybe_recompile pc=0x0000000002816ff8 method=org.springframework.util.ConcurrentReferenceHashMap$Segment.findInChain(Lorg/springframework/util/ConcurrentReferenceHashMap$Reference;Ljava/lang/Object;I)Lorg/springfra
Event: 21.957 Thread 0x0000000054b1c800 Uncommon trap: reason=class_check action=maybe_recompile pc=0x0000000002816ff8 method=org.springframework.util.ConcurrentReferenceHashMap$Segment.findInChain(Lorg/springframework/util/ConcurrentReferenceHashMap$Reference;Ljava/lang/Object;I)Lorg/springfra
Event: 22.657 Thread 0x0000000054b1c800 Uncommon trap: reason=unstable_if action=reinterpret pc=0x000000000298a924 method=org.springframework.core.ResolvableType$1.isAssignableFrom(Ljava/lang/Class;)Z @ 15

Classes redefined (0 events):
No events

Internal exceptions (10 events):
Event: 13.677 Thread 0x0000000054b1c800 Exception <a 'java/lang/ClassNotFoundException': org/springframework/beans/factory/BeanClassLoaderAwareCustomizer> (0x00000000edc14c08) thrown at [C:\jenkins\workspace\8-2-build-windows-amd64-cygwin\jdk8u291\1294\hotspot\src\share\vm\classfile\systemDicti
Event: 13.677 Thread 0x0000000054b1c800 Exception <a 'java/lang/ClassNotFoundException': org/springframework/beans/factory/AwareCustomizer> (0x00000000edc2a768) thrown at [C:\jenkins\workspace\8-2-build-windows-amd64-cygwin\jdk8u291\1294\hotspot\src\share\vm\classfile\systemDictionary.cpp, line
Event: 13.678 Thread 0x0000000054b1c800 Exception <a 'java/lang/ClassNotFoundException': org/springframework/context/EnvironmentAwareCustomizer> (0x00000000edc406a0) thrown at [C:\jenkins\workspace\8-2-build-windows-amd64-cygwin\jdk8u291\1294\hotspot\src\share\vm\classfile\systemDictionary.cpp,
Event: 13.678 Thread 0x0000000054b1c800 Exception <a 'java/lang/ClassNotFoundException': org/springframework/beans/factory/AwareCustomizer> (0x00000000edc560e0) thrown at [C:\jenkins\workspace\8-2-build-windows-amd64-cygwin\jdk8u291\1294\hotspot\src\share\vm\classfile\systemDictionary.cpp, line
Event: 15.052 Thread 0x0000000054b1c800 Exception <a 'java/lang/NoSuchMethodError': java.lang.Object.lambda$or$2(Ljava/util/function/Predicate;Ljava/lang/Object;)Z> (0x00000000ee2b1dd8) thrown at [C:\jenkins\workspace\8-2-build-windows-amd64-cygwin\jdk8u291\1294\hotspot\src\share\vm\interpreter
Event: 17.401 Thread 0x0000000054b1c800 Exception <a 'java/lang/IncompatibleClassChangeError': Found class java.lang.Object, but interface was expected> (0x00000000ed6e3f48) thrown at [C:\jenkins\workspace\8-2-build-windows-amd64-cygwin\jdk8u291\1294\hotspot\src\share\vm\interpreter\linkResolve
Event: 17.874 Thread 0x0000000054b1c800 Exception <a 'java/lang/NoSuchMethodError': java.lang.Object.lambda$getAllAnnotationAttributes$0(Lorg/springframework/util/MultiValueMap;)Lorg/springframework/util/MultiValueMap;> (0x00000000eb732098) thrown at [C:\jenkins\workspace\8-2-build-windows-amd6
Event: 17.876 Thread 0x0000000054b1c800 Exception <a 'java/lang/NoSuchMethodError': java.lang.Object.lambda$identity$2(Ljava/lang/Object;)Ljava/lang/Object;> (0x00000000eb74acf8) thrown at [C:\jenkins\workspace\8-2-build-windows-amd64-cygwin\jdk8u291\1294\hotspot\src\share\vm\interpreter\linkRe
Event: 21.303 Thread 0x0000000054b1c800 Exception <a 'java/lang/NoSuchMethodError': java.lang.Object.lambda$getRequiredAttribute$0(Ljava/lang/String;)Ljava/lang/IllegalArgumentException;> (0x00000000eeed1ae0) thrown at [C:\jenkins\workspace\8-2-build-windows-amd64-cygwin\jdk8u291\1294\hotspot\s
Event: 22.016 Thread 0x0000000054b1c800 Exception <a 'java/lang/NoSuchMethodError': java.lang.Object.lambda$and$5([Ljava/lang/Object;)Ljava/util/stream/Stream;> (0x00000000eb6da4b8) thrown at [C:\jenkins\workspace\8-2-build-windows-amd64-cygwin\jdk8u291\1294\hotspot\src\share\vm\interpreter\lin

Events (10 events):
Event: 22.908 loading class org/springframework/asm/RecordComponentWriter
Event: 22.908 loading class org/springframework/asm/RecordComponentWriter done
Event: 22.909 loading class org/springframework/asm/SymbolTable
Event: 22.909 loading class org/springframework/asm/SymbolTable done
Event: 22.910 loading class org/springframework/asm/Symbol
Event: 22.910 loading class org/springframework/asm/Symbol done
Event: 22.911 loading class org/springframework/asm/SymbolTable$Entry
Event: 22.911 loading class org/springframework/asm/SymbolTable$Entry done
Event: 22.912 loading class org/springframework/asm/ByteVector
Event: 22.912 loading class org/springframework/asm/ByteVector done


Dynamic libraries:
0x000000013f7b0000 - 0x000000013f7f7000 	C:\Program Files\Java\jdk1.8.0_291\bin\java.exe
0x0000000076de0000 - 0x0000000076f89000 	C:\Windows\SYSTEM32\ntdll.dll
0x0000000076cc0000 - 0x0000000076ddf000 	C:\Windows\system32\kernel32.dll
0x000007fefcec0000 - 0x000007fefcf2b000 	C:\Windows\system32\KERNELBASE.dll
0x000007fefed30000 - 0x000007fefee0b000 	C:\Windows\system32\ADVAPI32.dll
0x000007fefeaf0000 - 0x000007fefeb8f000 	C:\Windows\system32\msvcrt.dll
0x000007fefe5c0000 - 0x000007fefe5df000 	C:\Windows\SYSTEM32\sechost.dll
0x000007fefd0f0000 - 0x000007fefd21d000 	C:\Windows\system32\RPCRT4.dll
0x0000000076bc0000 - 0x0000000076cba000 	C:\Windows\system32\USER32.dll
0x000007fefeca0000 - 0x000007fefed07000 	C:\Windows\system32\GDI32.dll
0x000007fefe7f0000 - 0x000007fefe7fe000 	C:\Windows\system32\LPK.dll
0x000007fefe4f0000 - 0x000007fefe5b9000 	C:\Windows\system32\USP10.dll
0x000007fef9f50000 - 0x000007fefa144000 	C:\Windows\WinSxS\amd64_microsoft.windows.common-controls_6595b64144ccf1df_6.0.7601.17514_none_fa396087175ac9ac\COMCTL32.dll
0x000007fefd040000 - 0x000007fefd0b1000 	C:\Windows\system32\SHLWAPI.dll
0x000007fefd0c0000 - 0x000007fefd0ee000 	C:\Windows\system32\IMM32.DLL
0x000007fefe9e0000 - 0x000007fefeae9000 	C:\Windows\system32\MSCTF.dll
0x000007feec4a0000 - 0x000007feec4a3000 	C:\Windows\system32\api-ms-win-core-synch-l1-2-0.DLL
0x000007fecfaf0000 - 0x000007fecfb05000 	C:\Program Files\Java\jdk1.8.0_291\jre\bin\vcruntime140.dll
0x000007fed81c0000 - 0x000007fed81c4000 	C:\Windows\system32\api-ms-win-crt-runtime-l1-1-0.dll
0x000007fed80c0000 - 0x000007fed81b2000 	C:\Windows\system32\ucrtbase.DLL
0x000007fed80b0000 - 0x000007fed80b3000 	C:\Windows\system32\api-ms-win-core-timezone-l1-1-0.dll
0x000007fed80a0000 - 0x000007fed80a3000 	C:\Windows\system32\api-ms-win-core-file-l2-1-0.dll
0x000007fed8090000 - 0x000007fed8093000 	C:\Windows\system32\api-ms-win-core-localization-l1-2-0.dll
0x000007fed8080000 - 0x000007fed8083000 	C:\Windows\system32\api-ms-win-core-processthreads-l1-1-1.dll
0x000007fed8070000 - 0x000007fed8073000 	C:\Windows\system32\api-ms-win-core-file-l1-2-0.dll
0x000007fed8050000 - 0x000007fed8053000 	C:\Windows\system32\api-ms-win-crt-heap-l1-1-0.dll
0x000007fed8060000 - 0x000007fed8064000 	C:\Windows\system32\api-ms-win-crt-string-l1-1-0.dll
0x000007fed8040000 - 0x000007fed8044000 	C:\Windows\system32\api-ms-win-crt-stdio-l1-1-0.dll
0x000007fed8030000 - 0x000007fed8034000 	C:\Windows\system32\api-ms-win-crt-convert-l1-1-0.dll
0x000007fecfa50000 - 0x000007fecfaeb000 	C:\Program Files\Java\jdk1.8.0_291\jre\bin\msvcp140.dll
0x000007feea360000 - 0x000007feea363000 	C:\Windows\system32\api-ms-win-crt-locale-l1-1-0.dll
0x000007fed7f80000 - 0x000007fed7f85000 	C:\Windows\system32\api-ms-win-crt-math-l1-1-0.dll
0x000007fed7f70000 - 0x000007fed7f73000 	C:\Windows\system32\api-ms-win-crt-filesystem-l1-1-0.dll
0x000007fed7f60000 - 0x000007fed7f63000 	C:\Windows\system32\api-ms-win-crt-time-l1-1-0.dll
0x000007fed7fa0000 - 0x000007fed7fa3000 	C:\Windows\system32\api-ms-win-crt-environment-l1-1-0.dll
0x000007fed7f90000 - 0x000007fed7f93000 	C:\Windows\system32\api-ms-win-crt-utility-l1-1-0.dll
0x00000000697e0000 - 0x000000006a040000 	C:\Program Files\Java\jdk1.8.0_291\jre\bin\server\jvm.dll
0x000007feec350000 - 0x000007feec359000 	C:\Windows\system32\WSOCK32.dll
0x000007fefcff0000 - 0x000007fefd03d000 	C:\Windows\system32\WS2_32.dll
0x000007fefec30000 - 0x000007fefec38000 	C:\Windows\system32\NSI.dll
0x000007feeda30000 - 0x000007feeda6b000 	C:\Windows\system32\WINMM.dll
0x000007fefb820000 - 0x000007fefb82c000 	C:\Windows\system32\VERSION.dll
0x0000000076fa0000 - 0x0000000076fa7000 	C:\Windows\system32\PSAPI.DLL
0x000007fecfb20000 - 0x000007fecfb30000 	C:\Program Files\Java\jdk1.8.0_291\jre\bin\verify.dll
0x000007fecfa20000 - 0x000007fecfa4b000 	C:\Program Files\Java\jdk1.8.0_291\jre\bin\java.dll
0x000007fee92c0000 - 0x000007fee92f0000 	C:\Program Files\Java\jdk1.8.0_291\jre\bin\instrument.dll
0x000007fecfa00000 - 0x000007fecfa18000 	C:\Program Files\Java\jdk1.8.0_291\jre\bin\zip.dll
0x000007fefd220000 - 0x000007fefdfa8000 	C:\Windows\system32\SHELL32.dll
0x000007fefe5e0000 - 0x000007fefe7e3000 	C:\Windows\system32\ole32.dll
0x000007fefcbc0000 - 0x000007fefcbcf000 	C:\Windows\system32\profapi.dll
0x000007fee9330000 - 0x000007fee934a000 	C:\Program Files\JetBrains\IntelliJ IDEA Community Edition 2022.1.1\bin\breakgen64.dll
0x000007fecf9e0000 - 0x000007fecf9fc000 	C:\Program Files\Java\jdk1.8.0_291\jre\bin\net.dll
0x000007fefc430000 - 0x000007fefc485000 	C:\Windows\system32\mswsock.dll
0x000007fefc420000 - 0x000007fefc427000 	C:\Windows\System32\wship6.dll
0x000007feed490000 - 0x000007feed49d000 	C:\Program Files\Java\jdk1.8.0_291\jre\bin\management.dll
0x000007fef79f0000 - 0x000007fef7a05000 	C:\Windows\system32\NLAapi.dll
0x000007feee460000 - 0x000007feee475000 	C:\Windows\system32\napinsp.dll
0x000007feee440000 - 0x000007feee459000 	C:\Windows\system32\pnrpnsp.dll
0x000007fefc2b0000 - 0x000007fefc30b000 	C:\Windows\system32\DNSAPI.dll
0x000007feee430000 - 0x000007feee43b000 	C:\Windows\System32\winrnr.dll
0x000007feee420000 - 0x000007feee430000 	C:\Windows\system32\wshbth.dll
0x0000000073420000 - 0x0000000073446000 	C:\Program Files\Bonjour\mdnsNSP.dll
0x000007fefac40000 - 0x000007fefac67000 	C:\Windows\system32\Iphlpapi.DLL
0x000007fefac30000 - 0x000007fefac3b000 	C:\Windows\system32\WINNSI.DLL
0x000007fefab40000 - 0x000007fefab47000 	C:\Windows\System32\wshtcpip.dll
0x000007feed810000 - 0x000007feed818000 	C:\Windows\system32\rasadhlp.dll
0x000007fef6ca0000 - 0x000007fef6cf3000 	C:\Windows\System32\fwpuclnt.dll
0x000007fecf9c0000 - 0x000007fecf9d3000 	C:\Program Files\Java\jdk1.8.0_291\jre\bin\nio.dll
0x000007fee83c0000 - 0x000007fee84e5000 	C:\Windows\system32\dbghelp.dll

VM Arguments:
jvm_args: -javaagent:C:\Program Files\JetBrains\IntelliJ IDEA Community Edition 2022.1.1\lib\idea_rt.jar=54787:C:\Program Files\JetBrains\IntelliJ IDEA Community Edition 2022.1.1\bin -Dfile.encoding=UTF-8 
java_command: com.jointsport.jointSport.JointSportApplication
java_class_path (initial): C:\Program Files\Java\jdk1.8.0_291\jre\lib\charsets.jar;C:\Program Files\Java\jdk1.8.0_291\jre\lib\deploy.jar;C:\Program Files\Java\jdk1.8.0_291\jre\lib\ext\access-bridge-64.jar;C:\Program Files\Java\jdk1.8.0_291\jre\lib\ext\cldrdata.jar;C:\Program Files\Java\jdk1.8.0_291\jre\lib\ext\dnsns.jar;C:\Program Files\Java\jdk1.8.0_291\jre\lib\ext\jaccess.jar;C:\Program Files\Java\jdk1.8.0_291\jre\lib\ext\jfxrt.jar;C:\Program Files\Java\jdk1.8.0_291\jre\lib\ext\localedata.jar;C:\Program Files\Java\jdk1.8.0_291\jre\lib\ext\nashorn.jar;C:\Program Files\Java\jdk1.8.0_291\jre\lib\ext\sunec.jar;C:\Program Files\Java\jdk1.8.0_291\jre\lib\ext\sunjce_provider.jar;C:\Program Files\Java\jdk1.8.0_291\jre\lib\ext\sunmscapi.jar;C:\Program Files\Java\jdk1.8.0_291\jre\lib\ext\sunpkcs11.jar;C:\Program Files\Java\jdk1.8.0_291\jre\lib\ext\zipfs.jar;C:\Program Files\Java\jdk1.8.0_291\jre\lib\javaws.jar;C:\Program Files\Java\jdk1.8.0_291\jre\lib\jce.jar;C:\Program Files\Java\jdk1.8.0_291\jre\lib\jfr.jar;C:\Program Files\Java\jdk1.8.0_291\jre\lib\jfxswt.jar;C:\Program Files\Java\jdk1.8.0_291\jre\lib\jsse.jar;C:\Program Files\Java\jdk1.8.0_291\jre\lib\management-agent.jar;C:\Program Files\Java\jdk1.8.0_291\jre\lib\plugin.jar;C:\Program Files\Java\jdk1.8.0_291\jre\lib\resources.jar;C:\Program Files\Java\jdk1.8.0_291\jre\lib\rt.jar;D:\учеба 2.0\jointSport_v8\jointSport\jointSport\target\classes;C:\Users\User\.m2\repository\org\springframework\boot\spring-boot-starter-data-jpa\2.6.8\spring-boot-starter-data-jpa-2.6.8.jar;C:\Users\User\.m2\repository\org\springframework\boot\spring-boot-starter-aop\2.6.8\spring-boot-starter-aop-2.6.8.jar;C:\Users\User\.m2\repository\org\springframework\spring-aop\5.3.20\spring-aop-5.3.20.jar;C:\Users\User\.m2\repository\org\aspectj\aspectjweaver\1.9.7\aspectjweaver-1.9.7.jar;C:\Users\User\.m2\repository\org\springframework\boot\spring-boot-starter-jdbc\2.6.8\spring-boot-starter-jdbc-2.6.8.jar;C:\Users\User\.m2\repository\com\zaxxer\Hikar
Launcher Type: SUN_STANDARD

Environment Variables:
JAVA_HOME=C:\Program Files\Java\jdk-16.0.1
PATH=C:\Program Files\Common Files\Oracle\Java\javapath;C:\ProgramData\Oracle\Java\javapath;C:\Windows\system32;C:\Windows;C:\Windows\System32\Wbem;C:\Windows\System32\WindowsPowerShell\v1.0\;C:\Program Files (x86)\Common Files\Apple\Internet Services\;C:\Program Files\Java\jdk-16.0.1\bin;C:\Program Files\Git\cmd
USERNAME=User
OS=Windows_NT
PROCESSOR_IDENTIFIER=Intel64 Family 6 Model 37 Stepping 5, GenuineIntel



---------------  S Y S T E M  ---------------

OS: Windows 7 , 64 bit Build 7601 (6.1.7601.18015)

CPU:total 4 (initial active 4) (2 cores per cpu, 2 threads per core) family 6 model 37 stepping 5, cmov, cx8, fxsr, mmx, sse, sse2, sse3, ssse3, sse4.1, sse4.2, popcnt, ht, tsc, tscinvbit

Memory: 4k page, physical 4051452k(385400k free), swap 7570928k(5088k free)

vm_info: Java HotSpot(TM) 64-Bit Server VM (25.291-b10) for windows-amd64 JRE (1.8.0_291-b10), built on Apr  9 2021 00:02:00 by "java_re" with MS VC++ 15.9 (VS2017)

time: Sun Jul 10 04:22:31 2022
timezone: Eaeeieia?aaneia a?aiy (ceia)
elapsed time: 23.312916 seconds (0d 0h 0m 23s)

